SMTP_PASS not set - running in dry-run mode
[2025-11-26 14:45:02] Processing email queue (dry-run mode)
[2025-11-26 14:45:02] Found 1 messages in queue
[2025-11-26 14:45:02] 📧 Would send: "Weekly AI Tooling Roundup" to stephen.z.phillips@sparktsl.com
[2025-11-26 14:45:02] ✅ Message processed and removed from queue
SMTP configured - running full processor
SMTP configured - running full processor
SMTP configured - running full processor
SMTP configured - running full processor
[2025-11-26 15:00:02] Starting email processor for queue: https://sqs.us-east-1.amazonaws.com/900211028177/aimailer-email-queue
[2025-11-26 15:00:02] SMTP configured: True
[2025-11-26 15:00:22] No messages, waiting...
[2025-11-26 15:00:42] No messages, waiting...
[2025-11-26 15:01:02] No messages, waiting...
[2025-11-26 15:01:23] No messages, waiting...
[2025-11-26 15:01:43] No messages, waiting...
[2025-11-26 15:02:03] No messages, waiting...
[2025-11-26 15:02:23] No messages, waiting...
[2025-11-26 15:02:43] No messages, waiting...
[2025-11-26 15:03:03] No messages, waiting...
[2025-11-26 15:03:23] No messages, waiting...
[2025-11-26 15:03:43] No messages, waiting...
[2025-11-26 15:04:03] No messages, waiting...
[2025-11-26 15:04:24] No messages, waiting...
[2025-11-26 15:04:44] No messages, waiting...
[2025-11-26 15:05:04] No messages, waiting...
[2025-11-26 15:05:24] No messages, waiting...
[2025-11-26 15:05:44] No messages, waiting...
[2025-11-26 15:06:04] No messages, waiting...
[2025-11-26 15:06:25] No messages, waiting...
[2025-11-26 15:06:45] No messages, waiting...
[2025-11-26 15:07:05] No messages, waiting...
[2025-11-26 15:07:25] No messages, waiting...
[2025-11-26 15:07:45] No messages, waiting...
[2025-11-26 15:08:05] No messages, waiting...
[2025-11-26 15:08:26] No messages, waiting...
[2025-11-26 15:08:46] No messages, waiting...
[2025-11-26 15:09:06] No messages, waiting...
[2025-11-26 15:09:26] No messages, waiting...
[2025-11-26 15:09:46] No messages, waiting...
[2025-11-26 15:10:06] No messages, waiting...
[2025-11-26 15:10:26] No messages, waiting...
[2025-11-26 15:10:46] No messages, waiting...
[2025-11-26 15:11:06] No messages, waiting...
[2025-11-26 15:11:27] No messages, waiting...
[2025-11-26 15:11:47] No messages, waiting...
[2025-11-26 15:12:07] No messages, waiting...
[2025-11-26 15:12:27] No messages, waiting...
[2025-11-26 15:12:48] No messages, waiting...
[2025-11-26 15:13:08] No messages, waiting...
[2025-11-26 15:13:28] No messages, waiting...
[2025-11-26 15:13:48] No messages, waiting...
[2025-11-26 15:14:08] No messages, waiting...
[2025-11-26 15:14:28] No messages, waiting...
[2025-11-26 15:14:48] No messages, waiting...
[2025-11-26 15:15:08] No messages, waiting...
[2025-11-26 15:15:28] No messages, waiting...
[2025-11-26 15:15:48] No messages, waiting...
[2025-11-26 15:16:09] No messages, waiting...
[2025-11-26 15:16:29] No messages, waiting...
[2025-11-26 15:16:49] No messages, waiting...
[2025-11-26 15:17:10] No messages, waiting...
[2025-11-26 15:17:30] No messages, waiting...
[2025-11-26 15:17:50] No messages, waiting...
[2025-11-26 15:18:10] No messages, waiting...
[2025-11-26 15:18:30] No messages, waiting...
[2025-11-26 15:18:50] No messages, waiting...
[2025-11-26 15:19:10] No messages, waiting...
[2025-11-26 15:19:30] No messages, waiting...
[2025-11-26 15:19:50] No messages, waiting...
[2025-11-26 15:20:11] No messages, waiting...
[2025-11-26 15:20:31] No messages, waiting...
[2025-11-26 15:20:51] No messages, waiting...
[2025-11-26 15:21:11] No messages, waiting...
[2025-11-26 15:21:31] No messages, waiting...
[2025-11-26 15:21:52] No messages, waiting...
[2025-11-26 15:22:12] No messages, waiting...
[2025-11-26 15:22:32] No messages, waiting...
[2025-11-26 15:22:52] No messages, waiting...
[2025-11-26 15:23:12] No messages, waiting...
[2025-11-26 15:23:32] No messages, waiting...
[2025-11-26 15:23:52] No messages, waiting...
[2025-11-26 15:24:12] No messages, waiting...
[2025-11-26 15:24:33] No messages, waiting...
[2025-11-26 15:24:53] No messages, waiting...
[2025-11-26 15:25:13] No messages, waiting...
[2025-11-26 15:25:33] No messages, waiting...
[2025-11-26 15:25:53] No messages, waiting...
[2025-11-26 15:26:13] No messages, waiting...
[2025-11-26 15:26:34] No messages, waiting...
[2025-11-26 15:26:54] No messages, waiting...
[2025-11-26 15:27:14] No messages, waiting...
[2025-11-26 15:27:34] No messages, waiting...
[2025-11-26 15:27:54] No messages, waiting...
[2025-11-26 15:28:14] No messages, waiting...
[2025-11-26 15:28:35] No messages, waiting...
[2025-11-26 15:28:55] No messages, waiting...
[2025-11-26 15:29:15] No messages, waiting...
[2025-11-26 15:29:35] No messages, waiting...
[2025-11-26 15:29:55] No messages, waiting...
[2025-11-26 15:30:15] No messages, waiting...
[2025-11-26 15:30:35] No messages, waiting...
[2025-11-26 15:30:55] No messages, waiting...
[2025-11-26 15:31:15] No messages, waiting...
[2025-11-26 15:31:35] No messages, waiting...
[2025-11-26 15:31:56] No messages, waiting...
[2025-11-26 15:32:16] No messages, waiting...
[2025-11-26 15:32:37] No messages, waiting...
[2025-11-26 15:32:57] No messages, waiting...
[2025-11-26 15:33:17] No messages, waiting...
[2025-11-26 15:33:37] No messages, waiting...
[2025-11-26 15:33:57] No messages, waiting...
[2025-11-26 15:34:17] No messages, waiting...
[2025-11-26 15:34:37] No messages, waiting...
[2025-11-26 15:34:57] No messages, waiting...
[2025-11-26 15:35:18] No messages, waiting...
[2025-11-26 15:35:38] No messages, waiting...
[2025-11-26 15:35:58] No messages, waiting...
[2025-11-26 15:36:18] No messages, waiting...
[2025-11-26 15:36:38] No messages, waiting...
[2025-11-26 15:36:58] No messages, waiting...
[2025-11-26 15:37:19] No messages, waiting...
[2025-11-26 15:37:39] No messages, waiting...
[2025-11-26 15:37:59] No messages, waiting...
[2025-11-26 15:38:19] No messages, waiting...
[2025-11-26 15:38:39] No messages, waiting...
[2025-11-26 15:38:59] No messages, waiting...
[2025-11-26 15:39:19] No messages, waiting...
[2025-11-26 15:39:39] No messages, waiting...
[2025-11-26 15:39:59] No messages, waiting...
[2025-11-26 15:40:19] No messages, waiting...
[2025-11-26 15:40:40] No messages, waiting...
[2025-11-26 15:41:00] No messages, waiting...
[2025-11-26 15:41:20] No messages, waiting...
[2025-11-26 15:41:40] No messages, waiting...
[2025-11-26 15:42:00] No messages, waiting...
[2025-11-26 15:42:20] No messages, waiting...
[2025-11-26 15:42:40] No messages, waiting...
[2025-11-26 15:43:01] No messages, waiting...
[2025-11-26 15:43:21] No messages, waiting...
[2025-11-26 15:43:41] No messages, waiting...
[2025-11-26 15:44:01] No messages, waiting...
[2025-11-26 15:44:21] No messages, waiting...
[2025-11-26 15:44:41] No messages, waiting...
[2025-11-26 15:45:02] No messages, waiting...
[2025-11-26 15:45:22] No messages, waiting...
[2025-11-26 15:45:42] No messages, waiting...
[2025-11-26 15:46:02] No messages, waiting...
[2025-11-26 15:46:22] No messages, waiting...
[2025-11-26 15:46:42] No messages, waiting...
[2025-11-26 15:47:02] No messages, waiting...
[2025-11-26 15:47:22] No messages, waiting...
[2025-11-26 15:47:42] No messages, waiting...
[2025-11-26 15:48:02] No messages, waiting...
[2025-11-26 15:48:23] No messages, waiting...
[2025-11-26 15:48:43] No messages, waiting...
[2025-11-26 15:49:03] No messages, waiting...
[2025-11-26 15:49:23] No messages, waiting...
[2025-11-26 15:49:43] No messages, waiting...
[2025-11-26 15:50:03] No messages, waiting...
[2025-11-26 15:50:24] No messages, waiting...
[2025-11-26 15:50:44] No messages, waiting...
[2025-11-26 15:51:04] No messages, waiting...
[2025-11-26 15:51:24] No messages, waiting...
[2025-11-26 15:51:44] No messages, waiting...
[2025-11-26 15:52:04] No messages, waiting...
[2025-11-26 15:52:24] No messages, waiting...
[2025-11-26 15:52:45] No messages, waiting...
[2025-11-26 15:53:05] No messages, waiting...
[2025-11-26 15:53:25] No messages, waiting...
[2025-11-26 15:53:45] No messages, waiting...
[2025-11-26 15:54:05] No messages, waiting...
[2025-11-26 15:54:25] No messages, waiting...
[2025-11-26 15:54:45] No messages, waiting...
[2025-11-26 15:55:05] No messages, waiting...
[2025-11-26 15:55:25] No messages, waiting...
[2025-11-26 15:55:45] No messages, waiting...
[2025-11-26 15:56:06] No messages, waiting...
[2025-11-26 15:56:26] No messages, waiting...
[2025-11-26 15:56:46] No messages, waiting...
[2025-11-26 15:57:07] No messages, waiting...
[2025-11-26 15:57:27] No messages, waiting...
[2025-11-26 15:57:47] No messages, waiting...
[2025-11-26 15:58:07] No messages, waiting...
[2025-11-26 15:58:27] No messages, waiting...
SMTP configured - running full processor
